sirmaconsult/build/intermediates/manifest_merge_blame_file/debug/manifest-merger-blame-debug-report.txt
1<?xml version="1.0" encoding="utf-8"?>
2<manifest xmlns:android="http://schemas.android.com/apk/res/android"
3    package="com.example.sirmaconsult"
4    android:versionCode="1"
5    android:versionName="1.0" >
6
7    <uses-sdk
8        android:minSdkVersion="21"
8-->src\main\AndroidManifest.xml
9        android:targetSdkVersion="28" />
9-->src\main\AndroidManifest.xml
10
11    <uses-permission android:name="android.permission.REORDER_TASKS" />
11-->[androidx.fragment:fragment-testing:1.3.2] AndroidManifest.xml:25:5-72
11-->[androidx.fragment:fragment-testing:1.3.2] AndroidManifest.xml:25:22-69
12
13    <application
13-->src\main\AndroidManifest.xml:5:5-29:19
14        android:name="com.example.sirmaconsult.TodoApplication"
14-->src\main\AndroidManifest.xml:7:9-40
15        android:allowBackup="true"
15-->src\main\AndroidManifest.xml:6:9-35
16        android:appComponentFactory="androidx.core.app.CoreComponentFactory"
16-->[androidx.core:core:1.3.2] AndroidManifest.xml:24:18-86
17        android:debuggable="true"
18        android:icon="@mipmap/ic_launcher"
18-->src\main\AndroidManifest.xml:8:9-43
19        android:label="@string/app_name"
19-->src\main\AndroidManifest.xml:9:9-41
20        android:roundIcon="@mipmap/ic_launcher_round"
20-->src\main\AndroidManifest.xml:10:9-54
21        android:supportsRtl="true"
21-->src\main\AndroidManifest.xml:11:9-35
22        android:testOnly="true"
23        android:theme="@style/AppTheme" >
23-->src\main\AndroidManifest.xml:12:9-40
24        <activity
24-->src\main\AndroidManifest.xml:13:9-21:20
25            android:name="com.example.sirmaconsult.tasks.TasksActivity"
25-->src\main\AndroidManifest.xml:14:13-72
26            android:theme="@style/AppTheme.OverlapSystemBar"
26-->src\main\AndroidManifest.xml:16:13-61
27            android:windowSoftInputMode="adjustResize" >
27-->src\main\AndroidManifest.xml:15:13-55
28            <intent-filter>
28-->src\main\AndroidManifest.xml:17:13-20:29
29                <action android:name="android.intent.action.MAIN" />
29-->src\main\AndroidManifest.xml:18:17-69
29-->src\main\AndroidManifest.xml:18:25-66
30
31                <category android:name="android.intent.category.LAUNCHER" />
31-->src\main\AndroidManifest.xml:19:17-77
31-->src\main\AndroidManifest.xml:19:27-74
32            </intent-filter>
33        </activity>
34        <!-- <activity android:name=".timerlifecycle.MainActivity"> -->
35        <!-- <intent-filter> -->
36        <!-- <action android:name="android.intent.action.MAIN" /> -->
37
38
39        <!-- <category android:name="android.intent.category.LAUNCHER" /> -->
40        <!-- </intent-filter> -->
41        <!-- </activity> -->
42        <activity
42-->[androidx.fragment:fragment-testing:1.3.2] AndroidManifest.xml:28:9-37:20
43            android:name="androidx.fragment.app.testing.FragmentScenario$EmptyFragmentActivity"
43-->[androidx.fragment:fragment-testing:1.3.2] AndroidManifest.xml:29:13-96
44            android:exported="true"
44-->[androidx.fragment:fragment-testing:1.3.2] AndroidManifest.xml:30:13-36
45            android:multiprocess="true"
45-->[androidx.fragment:fragment-testing:1.3.2] AndroidManifest.xml:31:13-40
46            android:taskAffinity=""
46-->[androidx.fragment:fragment-testing:1.3.2] AndroidManifest.xml:32:13-36
47            android:theme="@style/FragmentScenarioEmptyFragmentActivityTheme" >
47-->[androidx.fragment:fragment-testing:1.3.2] AndroidManifest.xml:33:13-78
48            <intent-filter>
48-->[androidx.fragment:fragment-testing:1.3.2] AndroidManifest.xml:34:13-36:29
49                <action android:name="android.intent.action.MAIN" />
49-->src\main\AndroidManifest.xml:18:17-69
49-->src\main\AndroidManifest.xml:18:25-66
50            </intent-filter>
51        </activity>
52        <activity
52-->[androidx.test:core:1.3.0] AndroidManifest.xml:27:9-33:20
53            android:name="androidx.test.core.app.InstrumentationActivityInvoker$BootstrapActivity"
53-->[androidx.test:core:1.3.0] AndroidManifest.xml:28:13-99
54            android:theme="@android:style/Theme" >
54-->[androidx.test:core:1.3.0] AndroidManifest.xml:29:13-49
55            <intent-filter>
55-->[androidx.fragment:fragment-testing:1.3.2] AndroidManifest.xml:34:13-36:29
56                <action android:name="android.intent.action.MAIN" />
56-->src\main\AndroidManifest.xml:18:17-69
56-->src\main\AndroidManifest.xml:18:25-66
57            </intent-filter>
58        </activity>
59        <activity
59-->[androidx.test:core:1.3.0] AndroidManifest.xml:34:9-40:20
60            android:name="androidx.test.core.app.InstrumentationActivityInvoker$EmptyActivity"
60-->[androidx.test:core:1.3.0] AndroidManifest.xml:35:13-95
61            android:theme="@android:style/Theme" >
61-->[androidx.test:core:1.3.0] AndroidManifest.xml:36:13-49
62            <intent-filter>
62-->[androidx.fragment:fragment-testing:1.3.2] AndroidManifest.xml:34:13-36:29
63                <action android:name="android.intent.action.MAIN" />
63-->src\main\AndroidManifest.xml:18:17-69
63-->src\main\AndroidManifest.xml:18:25-66
64            </intent-filter>
65        </activity>
66        <activity
66-->[androidx.test:core:1.3.0] AndroidManifest.xml:41:9-47:20
67            android:name="androidx.test.core.app.InstrumentationActivityInvoker$EmptyFloatingActivity"
67-->[androidx.test:core:1.3.0] AndroidManifest.xml:42:13-103
68            android:theme="@android:style/Theme.Dialog" >
68-->[androidx.test:core:1.3.0] AndroidManifest.xml:43:13-56
69            <intent-filter>
69-->[androidx.fragment:fragment-testing:1.3.2] AndroidManifest.xml:34:13-36:29
70                <action android:name="android.intent.action.MAIN" />
70-->src\main\AndroidManifest.xml:18:17-69
70-->src\main\AndroidManifest.xml:18:25-66
71            </intent-filter>
72        </activity>
73
74        <service
74-->[androidx.room:room-runtime:2.2.6] AndroidManifest.xml:25:9-28:40
75            android:name="androidx.room.MultiInstanceInvalidationService"
75-->[androidx.room:room-runtime:2.2.6] AndroidManifest.xml:26:13-74
76            android:directBootAware="true"
76-->[androidx.room:room-runtime:2.2.6] AndroidManifest.xml:27:13-43
77            android:exported="false" />
77-->[androidx.room:room-runtime:2.2.6] AndroidManifest.xml:28:13-37
78
79        <provider
79-->[androidx.lifecycle:lifecycle-process:2.2.0] AndroidManifest.xml:25:9-29:43
80            android:name="androidx.lifecycle.ProcessLifecycleOwnerInitializer"
80-->[androidx.lifecycle:lifecycle-process:2.2.0] AndroidManifest.xml:26:13-79
81            android:authorities="com.example.sirmaconsult.lifecycle-process"
81-->[androidx.lifecycle:lifecycle-process:2.2.0] AndroidManifest.xml:27:13-69
82            android:exported="false"
82-->[androidx.lifecycle:lifecycle-process:2.2.0] AndroidManifest.xml:28:13-37
83            android:multiprocess="true" />
83-->[androidx.lifecycle:lifecycle-process:2.2.0] AndroidManifest.xml:29:13-40
84    </application>
85
86</manifest>